c:\users\c401itxx\desktop\dragoracer\dragoraceriv\debug\vc140.pdb
c:\users\c401itxx\desktop\dragoracer\dragoraceriv\debug\vc140.idb
c:\users\c401itxx\desktop\dragoracer\dragoraceriv\debug\audiomanager.obj
c:\users\c401itxx\desktop\dragoracer\dragoraceriv\debug\dragogamemanager.obj
c:\users\c401itxx\desktop\dragoracer\dragoraceriv\debug\dragoracer.obj
c:\users\c401itxx\desktop\dragoracer\dragoraceriv\debug\entity.obj
c:\users\c401itxx\desktop\dragoracer\dragoraceriv\debug\fileparser.obj
c:\users\c401itxx\desktop\dragoracer\dragoraceriv\debug\gamemanager.obj
c:\users\c401itxx\desktop\dragoracer\dragoraceriv\debug\gamestate.obj
c:\users\c401itxx\desktop\dragoracer\dragoraceriv\debug\hoststate.obj
c:\users\c401itxx\desktop\dragoracer\dragoraceriv\debug\inputmanager.obj
c:\users\c401itxx\desktop\dragoracer\dragoraceriv\debug\introstate.obj
c:\users\c401itxx\desktop\dragoracer\dragoraceriv\debug\joinstate.obj
c:\users\c401itxx\desktop\dragoracer\dragoraceriv\debug\netdragoracer.obj
c:\users\c401itxx\desktop\dragoracer\dragoraceriv\debug\netdragostate.obj
c:\users\c401itxx\desktop\dragoracer\dragoraceriv\debug\networkmanager.obj
c:\users\c401itxx\desktop\dragoracer\dragoraceriv\debug\rendercomponent.obj
c:\users\c401itxx\desktop\dragoracer\dragoraceriv\debug\renderingmanager.obj
c:\users\c401itxx\desktop\dragoracer\dragoraceriv\debug\singleplayerdragostate.obj
c:\users\c401itxx\desktop\dragoracer\dragoraceriv\debug\sprite.obj
c:\users\c401itxx\desktop\dragoracer\dragoraceriv\debug\texture.obj
c:\users\c401itxx\desktop\dragoracer\dragoraceriv\debug\winmain.obj
c:\users\c401itxx\desktop\dragoracer\debug\dragoraceriv.ilk
c:\users\c401itxx\desktop\dragoracer\debug\dragoraceriv.exe
c:\users\c401itxx\desktop\dragoracer\debug\dragoraceriv.pdb
c:\users\c401itxx\desktop\dragoracer\dragoraceriv\debug\dragoraceriv.tlog\cl.command.1.tlog
c:\users\c401itxx\desktop\dragoracer\dragoraceriv\debug\dragoraceriv.tlog\cl.read.1.tlog
c:\users\c401itxx\desktop\dragoracer\dragoraceriv\debug\dragoraceriv.tlog\cl.write.1.tlog
c:\users\c401itxx\desktop\dragoracer\dragoraceriv\debug\dragoraceriv.tlog\link.command.1.tlog
c:\users\c401itxx\desktop\dragoracer\dragoraceriv\debug\dragoraceriv.tlog\link.read.1.tlog
c:\users\c401itxx\desktop\dragoracer\dragoraceriv\debug\dragoraceriv.tlog\link.write.1.tlog
