FMOD: SystemI::init                  : FMOD Studio Version: 00010303 (52338)
FMOD: SystemI::init                  : maxchannels = 32, flags = 00000000, extradriverdata = 00000000
FMOD: SystemI::close                 : 
FMOD: SystemI::close                 : Stop all sounds
FMOD: SystemI::close                 : Remove miscllaneous DSP stuff.
FMOD: SystemI::close                 : done.

FMOD: SystemI::init                  : Set up software engine
FMOD: OutputWASAPI::enumerate        : Enumerating...
FMOD: OutputWASAPI::enumerate        : Initialise COM library.
FMOD: OutputWASAPI::enumerate        : Found Driver: "Speakers (Cirrus Logic CS4206B (AB 28))".
FMOD: OutputWASAPI::enumerate        : Found Driver: "Digital Audio (S/PDIF) (Cirrus Logic CS4206B (AB 28))".
FMOD: OutputWASAPI::enumerate        : Found Driver: "Microphone (Cirrus Logic CS4206B (AB 28))".
FMOD: OutputWASAPI::enumerate        : Done.
FMOD: OutputWASAPI::init             : Initialising...
FMOD: OutputWASAPI::init             : Forcing output channels to match Windows mix format: 4 channel(s)
FMOD: OutputWASAPI::init             : Done.
FMOD: Thread::initThread             : Initializing FMOD (WASAPI) feeder thread.  priority 0
FMOD: Thread::initThread             : - Stacksize 0.  Stack pointer 00000000 : usesemaphore = 0 : sleeptime = 0
FMOD: Thread::callback               : * FMOD (WASAPI) feeder thread started
FMOD: Thread::initThread             : done.
FMOD: OutputWASAPI::feederUpdate     : WASAPI feeder thread set to 'Audio' characteristic
FMOD: Thread::initThread             : Initializing FMOD mixer thread.  priority 2
FMOD: Thread::initThread             : - Stacksize 49152.  Stack pointer 00000000 : usesemaphore = 1 : sleeptime = 0
FMOD: Thread::callback               : * FMOD mixer thread started
FMOD: Thread::initThread             : done.
FMOD: SystemI::init                  : Set up emulated output
FMOD: SystemI::init                  : create the channel pool
FMOD: SystemI::init                  : Set up streamer
FMOD: Thread::initThread             : Initializing FMOD stream thread.  priority 2
FMOD: Thread::initThread             : - Stacksize 65536.  Stack pointer 00000000 : usesemaphore = 0 : sleeptime = 10
FMOD: Thread::callback               : * FMOD stream thread started
FMOD: Thread::initThread             : done.
FMOD: SystemI::init                  : done

FMOD: OutputWASAPI::feederUpdate     : Starvation detected in WASAPI output buffer!
FMOD: OutputWASAPI::feederUpdate     : Starvation detected in WASAPI output buffer!
FMOD: OutputWASAPI::feederUpdate     : Starvation detected in WASAPI output buffer!
FMOD: OutputWASAPI::feederUpdate     : Starvation detected in WASAPI output buffer!
FMOD: OutputWASAPI::feederUpdate     : Starvation detected in WASAPI output buffer!
FMOD: OutputWASAPI::feederUpdate     : Starvation detected in WASAPI output buffer!
FMOD: SystemI::createSoundInternal   : filename = Rocky 8bit.mp3 : mode 00000001
FMOD: Debug_OutputTrace              : c:\jk\workspace\Build__1.3__API_Win\lowlevel_api\src\fmod_systemi.cpp(2242) : FMOD error (20) : File not found.

